#
# A fatal error has been detected by the Java Runtime Environment:
#
#  EXCEPTION_ACCESS_VIOLATION (0xc0000005) at pc=0x0000000002a11a1a, pid=1556, tid=6976
#
# JRE version: Java(TM) SE Runtime Environment (8.0_65-b17) (build 1.8.0_65-b17)
# Java VM: Java HotSpot(TM) 64-Bit Server VM (25.65-b01 mixed mode windows-amd64 compressed oops)
# Problematic frame:
# j  org.gradle.api.internal.artifacts.ivyservice.modulecache.ModuleMetadataCacheEntrySerializer.<init>()V+12
#
# Failed to write core dump. Minidumps are not enabled by default on client versions of Windows
#
# If you would like to submit a bug report, please visit:
#   http://bugreport.java.com/bugreport/crash.jsp
#

---------------  T H R E A D  ---------------

Current thread (0x000000001916a800):  JavaThread "Daemon worker Thread 3" [_thread_in_Java, id=6976, stack(0x0000000025990000,0x0000000025a90000)]

siginfo: ExceptionCode=0xc0000005, reading address 0xffffffffffffffff

Registers:
RAX=0x0000000000100000, RBX=0x00000000159cc830, RCX=0xffffffffffffffff, RDX=0x0000000070500001
RSP=0x0000000025a8aa30, RBP=0x0000000025a8aa98, RSI=0x000000002002b057, RDI=0x0000000000000118
R8 =0x0000000019fd41d8, R9 =0x0000000000000006, R10=0x0000000067d42140, R11=0x00000001003ec000
R12=0x0000000000000000, R13=0x000000002069b9dc, R14=0x0000000025a8aaa8, R15=0x000000001916a800
RIP=0x0000000002a11a1a, EFLAGS=0x0000000000010206

Top of Stack: (sp=0x0000000025a8aa30)
0x0000000025a8aa30:   00000000029f7a70 ffffffffffffffff
0x0000000025a8aa40:   00000000e8507430 00000000e8507430
0x0000000025a8aa50:   00000000e8507420 0000000025a8aa58
0x0000000025a8aa60:   000000002069b9dc 0000000025a8aaa8
0x0000000025a8aa70:   000000002069c8e0 0000000000000000
0x0000000025a8aa80:   000000002069ba00 0000000000000000
0x0000000025a8aa90:   0000000025a8aaa8 0000000025a8ab10
0x0000000025a8aaa0:   00000000029f7ced 00000000e8507420
0x0000000025a8aab0:   00000000e8507420 00000000e85073f0
0x0000000025a8aac0:   00000000a13098d0 00000000e5e57400
0x0000000025a8aad0:   0000000025a8aad0 000000001bf544f2
0x0000000025a8aae0:   0000000025a8ab20 000000001bf55030
0x0000000025a8aaf0:   0000000000000000 000000001bf54510
0x0000000025a8ab00:   0000000025a8aaa8 0000000025a8ab20
0x0000000025a8ab10:   0000000025a8ab70 00000000029f7a70
0x0000000025a8ab20:   00000000e5ef7388 00000000e5ef7388 

Instructions: (pc=0x0000000002a11a1a)
0x0000000002a119fa:   d4 67 00 00 00 00 49 8b 14 d2 52 41 8b d5 4c 8b
0x0000000002a11a0a:   6d c8 8b c2 81 e0 00 00 10 00 0f 84 6a 01 00 00
0x0000000002a11a1a:   48 3b 01 48 8b 45 e0 48 85 c0 0f 84 12 00 00 00
0x0000000002a11a2a:   48 83 40 08 01 48 83 58 08 00 48 83 c0 30 48 89 


Register to memory mapping:

RAX=0x0000000000100000 is an unknown value
RBX={method} {0x00000000159cc838} 'getClassLoader' '()Ljava/lang/ClassLoader;' in 'java/lang/Class'
RCX=0xffffffffffffffff is an unknown value
RDX=0x0000000070500001 is an unknown value
RSP=0x0000000025a8aa30 is pointing into the stack for thread: 0x000000001916a800
RBP=0x0000000025a8aa98 is pointing into the stack for thread: 0x000000001916a800
RSI=0x000000002002b057 is an unknown value
RDI=0x0000000000000118 is an unknown value
R8 =0x0000000019fd41d8 is an unknown value
R9 =0x0000000000000006 is an unknown value
R10=0x0000000067d42140 is an unknown value
R11=0x00000001003ec000 is pointing into metadata
R12=0x0000000000000000 is an unknown value
R13=0x000000002069b9dc is pointing into metadata
R14=0x0000000025a8aaa8 is pointing into the stack for thread: 0x000000001916a800
R15=0x000000001916a800 is a thread


Stack: [0x0000000025990000,0x0000000025a90000],  sp=0x0000000025a8aa30,  free space=1002k
Native frames: (J=compiled Java code, j=interpreted, Vv=VM code, C=native code)
C  0x0000000002a11a1a


---------------  P R O C E S S  ---------------

Java Threads: ( => current thread )
  0x000000001916d000 JavaThread "Stdin handler" [_thread_blocked, id=8632, stack(0x0000000025b90000,0x0000000025c90000)]
  0x0000000019164000 JavaThread "Asynchronous log dispatcher for DefaultDaemonConnection: socket connection from /127.0.0.1:51731 to /127.0.0.1:52015" [_thread_blocked, id=6932, stack(0x0000000025a90000,0x0000000025b90000)]
=>0x000000001916a800 JavaThread "Daemon worker Thread 3" [_thread_in_Java, id=6976, stack(0x0000000025990000,0x0000000025a90000)]
  0x0000000019163000 JavaThread "Cancel handler" [_thread_blocked, id=7932, stack(0x0000000025890000,0x0000000025990000)]
  0x000000001916a000 JavaThread "Handler for socket connection from /127.0.0.1:51731 to /127.0.0.1:52015" [_thread_in_native, id=6000, stack(0x0000000025790000,0x0000000025890000)]
  0x0000000019165800 JavaThread "Daemon Thread 3" [_thread_blocked, id=1016, stack(0x0000000025690000,0x0000000025790000)]
  0x0000000019167800 JavaThread "pool-6-thread-1" [_thread_blocked, id=10080, stack(0x0000000024390000,0x0000000024490000)]
  0x0000000019061800 JavaThread "pool-2-thread-1" [_thread_blocked, id=10060, stack(0x0000000020150000,0x0000000020250000)]
  0x0000000019062000 JavaThread "File lock request listener" [_thread_in_native, id=8712, stack(0x000000001d650000,0x000000001d750000)]
  0x0000000018db4800 JavaThread "Incoming local TCP Connector on port 51731" [_thread_in_native, id=6488, stack(0x000000001b0a0000,0x000000001b1a0000)]
  0x000000001906e800 JavaThread "pool-1-thread-1" [_thread_blocked, id=5676, stack(0x000000001ada0000,0x000000001aea0000)]
  0x00000000163be000 JavaThread "Service Thread" daemon [_thread_blocked, id=4300, stack(0x00000000180c0000,0x00000000181c0000)]
  0x0000000016364800 JavaThread "C1 CompilerThread2" daemon [_thread_blocked, id=5176, stack(0x0000000017bc0000,0x0000000017cc0000)]
  0x0000000016361800 JavaThread "C2 CompilerThread1" daemon [_thread_blocked, id=6704, stack(0x0000000017ac0000,0x0000000017bc0000)]
  0x000000001635e000 JavaThread "C2 CompilerThread0" daemon [_thread_in_native, id=6780, stack(0x00000000179c0000,0x0000000017ac0000)]
  0x000000001635d000 JavaThread "Attach Listener" daemon [_thread_blocked, id=5964, stack(0x00000000178c0000,0x00000000179c0000)]
  0x000000001635c000 JavaThread "Signal Dispatcher" daemon [_thread_blocked, id=7452, stack(0x00000000177c0000,0x00000000178c0000)]
  0x00000000029e7800 JavaThread "Finalizer" daemon [_thread_blocked, id=6352, stack(0x00000000175d0000,0x00000000176d0000)]
  0x00000000029df000 JavaThread "Reference Handler" daemon [_thread_blocked, id=6572, stack(0x00000000174d0000,0x00000000175d0000)]
  0x0000000000fcd800 JavaThread "main" [_thread_blocked, id=9424, stack(0x00000000027f0000,0x00000000028f0000)]

Other Threads:
  0x0000000016327800 VMThread [stack: 0x00000000173d0000,0x00000000174d0000] [id=10184]
  0x0000000017d07000 WatcherThread [stack: 0x00000000181c0000,0x00000000182c0000] [id=1316]

VM state:not at safepoint (normal execution)

VM Mutex/Monitor currently owned by a thread: None

Heap:
 PSYoungGen      total 222208K, used 159594K [0x00000000e0000000, 0x00000000f3500000, 0x0000000100000000)
  eden space 199168K, 68% used [0x00000000e0000000,0x00000000e85621e0,0x00000000ec280000)
  from space 23040K, 99% used [0x00000000ec280000,0x00000000ed8f8908,0x00000000ed900000)
  to   space 33280K, 0% used [0x00000000f1480000,0x00000000f1480000,0x00000000f3500000)
 ParOldGen       total 126976K, used 69079K [0x00000000a0000000, 0x00000000a7c00000, 0x00000000e0000000)
  object space 126976K, 54% used [0x00000000a0000000,0x00000000a4375e18,0x00000000a7c00000)
 Metaspace       used 70720K, capacity 73632K, committed 73688K, reserved 1114112K
  class space    used 9422K, capacity 9967K, committed 9984K, reserved 1048576K

Card table byte_map: [0x0000000011db0000,0x00000000120c0000] byte_map_base: 0x00000000118b0000

Marking Bits: (ParMarkBitMap*) 0x0000000067d5a5b0
 Begin Bits: [0x00000000126c0000, 0x0000000013ec0000)
 End Bits:   [0x0000000013ec0000, 0x00000000156c0000)

Polling page: 0x0000000000ad0000

CodeCache: size=245760Kb used=40375Kb max_used=41057Kb free=205384Kb
 bounds [0x00000000029f0000, 0x0000000005240000, 0x00000000119f0000]
 total_blobs=12376 nmethods=11584 adapters=702
 compilation: enabled

Compilation events (10 events):
Event: 3070.628 Thread 0x0000000016364800 14067       1       com.android.sdklib.repository.generated.common.v1.IdDisplayType::getDisplay (5 bytes)
Event: 3070.628 Thread 0x0000000016364800 nmethod 14067 0x0000000002c03850 code [0x0000000002c039a0, 0x0000000002c03ab0]
Event: 3070.629 Thread 0x0000000016364800 14073       1       org.gradle.internal.resource.transport.file.FileTransport::isLocal (2 bytes)
Event: 3070.629 Thread 0x0000000016364800 nmethod 14073 0x00000000051360d0 code [0x0000000005136220, 0x0000000005136330]
Event: 3070.629 Thread 0x0000000016364800 14074       1       org.gradle.internal.resource.transport.file.FileTransport::getResourceAccessor (5 bytes)
Event: 3070.629 Thread 0x0000000016364800 nmethod 14074 0x000000000431e1d0 code [0x000000000431e320, 0x000000000431e430]
Event: 3070.630 Thread 0x0000000016361800 14075       4       sun.reflect.generics.reflectiveObjects.ParameterizedTypeImpl::getRawType (5 bytes)
Event: 3070.630 Thread 0x0000000016364800 14076       3       org.gradle.api.internal.artifacts.ivyservice.resolveengine.excludes.AbstractModuleExclusion::isWildcard (7 bytes)
Event: 3070.630 Thread 0x0000000016364800 nmethod 14076 0x000000000350d090 code [0x000000000350d200, 0x000000000350d408]
Event: 3070.631 Thread 0x0000000016361800 nmethod 14075 0x0000000002e49f90 code [0x0000000002e4a0c0, 0x0000000002e4a118]

GC Heap History (10 events):
Event: 43.105 GC heap before
{Heap before GC invocations=22 (full 2):
 PSYoungGen      total 149504K, used 35908K [0x00000000e0000000, 0x00000000ed280000, 0x0000000100000000)
  eden space 130048K, 12% used [0x00000000e0000000,0x00000000e1019048,0x00000000e7f00000)
  from space 19456K, 99% used [0x00000000e7f00000,0x00000000e91f8010,0x00000000e9200000)
  to   space 25088K, 0% used [0x00000000eba00000,0x00000000eba00000,0x00000000ed280000)
 ParOldGen       total 80384K, used 33174K [0x00000000a0000000, 0x00000000a4e80000, 0x00000000e0000000)
  object space 80384K, 41% used [0x00000000a0000000,0x00000000a2065a68,0x00000000a4e80000)
 Metaspace       used 56537K, capacity 58874K, committed 58968K, reserved 1099776K
  class space    used 7799K, capacity 8264K, committed 8320K, reserved 1048576K
Event: 43.137 GC heap after
Heap after GC invocations=22 (full 2):
 PSYoungGen      total 190464K, used 10224K [0x00000000e0000000, 0x00000000ed100000, 0x0000000100000000)
  eden space 166912K, 0% used [0x00000000e0000000,0x00000000e0000000,0x00000000ea300000)
  from space 23552K, 43% used [0x00000000eba00000,0x00000000ec3fc060,0x00000000ed100000)
  to   space 23552K, 0% used [0x00000000ea300000,0x00000000ea300000,0x00000000eba00000)
 ParOldGen       total 80384K, used 45091K [0x00000000a0000000, 0x00000000a4e80000, 0x00000000e0000000)
  object space 80384K, 56% used [0x00000000a0000000,0x00000000a2c08f40,0x00000000a4e80000)
 Metaspace       used 56537K, capacity 58874K, committed 58968K, reserved 1099776K
  class space    used 7799K, capacity 8264K, committed 8320K, reserved 1048576K
}
Event: 43.137 GC heap before
{Heap before GC invocations=23 (full 3):
 PSYoungGen      total 190464K, used 10224K [0x00000000e0000000, 0x00000000ed100000, 0x0000000100000000)
  eden space 166912K, 0% used [0x00000000e0000000,0x00000000e0000000,0x00000000ea300000)
  from space 23552K, 43% used [0x00000000eba00000,0x00000000ec3fc060,0x00000000ed100000)
  to   space 23552K, 0% used [0x00000000ea300000,0x00000000ea300000,0x00000000eba00000)
 ParOldGen       total 80384K, used 45091K [0x00000000a0000000, 0x00000000a4e80000, 0x00000000e0000000)
  object space 80384K, 56% used [0x00000000a0000000,0x00000000a2c08f40,0x00000000a4e80000)
 Metaspace       used 56537K, capacity 58874K, committed 58968K, reserved 1099776K
  class space    used 7799K, capacity 8264K, committed 8320K, reserved 1048576K
Event: 43.504 GC heap after
Heap after GC invocations=23 (full 3):
 PSYoungGen      total 190464K, used 0K [0x00000000e0000000, 0x00000000ed100000, 0x0000000100000000)
  eden space 166912K, 0% used [0x00000000e0000000,0x00000000e0000000,0x00000000ea300000)
  from space 23552K, 0% used [0x00000000eba00000,0x00000000eba00000,0x00000000ed100000)
  to   space 23552K, 0% used [0x00000000ea300000,0x00000000ea300000,0x00000000eba00000)
 ParOldGen       total 126976K, used 43670K [0x00000000a0000000, 0x00000000a7c00000, 0x00000000e0000000)
  object space 126976K, 34% used [0x00000000a0000000,0x00000000a2aa5bf0,0x00000000a7c00000)
 Metaspace       used 56537K, capacity 58874K, committed 58968K, reserved 1099776K
  class space    used 7799K, capacity 8264K, committed 8320K, reserved 1048576K
}
Event: 1171.446 GC heap before
{Heap before GC invocations=24 (full 3):
 PSYoungGen      total 190464K, used 166912K [0x00000000e0000000, 0x00000000ed100000, 0x0000000100000000)
  eden space 166912K, 100% used [0x00000000e0000000,0x00000000ea300000,0x00000000ea300000)
  from space 23552K, 0% used [0x00000000eba00000,0x00000000eba00000,0x00000000ed100000)
  to   space 23552K, 0% used [0x00000000ea300000,0x00000000ea300000,0x00000000eba00000)
 ParOldGen       total 126976K, used 43670K [0x00000000a0000000, 0x00000000a7c00000, 0x00000000e0000000)
  object space 126976K, 34% used [0x00000000a0000000,0x00000000a2aa5bf0,0x00000000a7c00000)
 Metaspace       used 58849K, capacity 61378K, committed 61528K, reserved 1101824K
  class space    used 8071K, capacity 8562K, committed 8576K, reserved 1048576K
Event: 1171.464 GC heap after
Heap after GC invocations=24 (full 3):
 PSYoungGen      total 190464K, used 8139K [0x00000000e0000000, 0x00000000ef380000, 0x0000000100000000)
  eden space 166912K, 0% used [0x00000000e0000000,0x00000000e0000000,0x00000000ea300000)
  from space 23552K, 34% used [0x00000000ea300000,0x00000000eaaf2cb0,0x00000000eba00000)
  to   space 23040K, 0% used [0x00000000edd00000,0x00000000edd00000,0x00000000ef380000)
 ParOldGen       total 126976K, used 43678K [0x00000000a0000000, 0x00000000a7c00000, 0x00000000e0000000)
  object space 126976K, 34% used [0x00000000a0000000,0x00000000a2aa7bf0,0x00000000a7c00000)
 Metaspace       used 58849K, capacity 61378K, committed 61528K, reserved 1101824K
  class space    used 8071K, capacity 8562K, committed 8576K, reserved 1048576K
}
Event: 1189.853 GC heap before
{Heap before GC invocations=25 (full 3):
 PSYoungGen      total 190464K, used 175051K [0x00000000e0000000, 0x00000000ef380000, 0x0000000100000000)
  eden space 166912K, 100% used [0x00000000e0000000,0x00000000ea300000,0x00000000ea300000)
  from space 23552K, 34% used [0x00000000ea300000,0x00000000eaaf2cb0,0x00000000eba00000)
  to   space 23040K, 0% used [0x00000000edd00000,0x00000000edd00000,0x00000000ef380000)
 ParOldGen       total 126976K, used 43678K [0x00000000a0000000, 0x00000000a7c00000, 0x00000000e0000000)
  object space 126976K, 34% used [0x00000000a0000000,0x00000000a2aa7bf0,0x00000000a7c00000)
 Metaspace       used 67921K, capacity 70668K, committed 70872K, reserved 1110016K
  class space    used 9090K, capacity 9633K, committed 9728K, reserved 1048576K
Event: 1189.883 GC heap after
Heap after GC invocations=25 (full 3):
 PSYoungGen      total 218112K, used 14171K [0x00000000e0000000, 0x00000000eef80000, 0x0000000100000000)
  eden space 199168K, 0% used [0x00000000e0000000,0x00000000e0000000,0x00000000ec280000)
  from space 18944K, 74% used [0x00000000edd00000,0x00000000eead6d10,0x00000000eef80000)
  to   space 23040K, 0% used [0x00000000ec280000,0x00000000ec280000,0x00000000ed900000)
 ParOldGen       total 126976K, used 49787K [0x00000000a0000000, 0x00000000a7c00000, 0x00000000e0000000)
  object space 126976K, 39% used [0x00000000a0000000,0x00000000a309ec38,0x00000000a7c00000)
 Metaspace       used 67921K, capacity 70668K, committed 70872K, reserved 1110016K
  class space    used 9090K, capacity 9633K, committed 9728K, reserved 1048576K
}
Event: 1191.911 GC heap before
{Heap before GC invocations=26 (full 3):
 PSYoungGen      total 218112K, used 213339K [0x00000000e0000000, 0x00000000eef80000, 0x0000000100000000)
  eden space 199168K, 100% used [0x00000000e0000000,0x00000000ec280000,0x00000000ec280000)
  from space 18944K, 74% used [0x00000000edd00000,0x00000000eead6d10,0x00000000eef80000)
  to   space 23040K, 0% used [0x00000000ec280000,0x00000000ec280000,0x00000000ed900000)
 ParOldGen       total 126976K, used 49787K [0x00000000a0000000, 0x00000000a7c00000, 0x00000000e0000000)
  object space 126976K, 39% used [0x00000000a0000000,0x00000000a309ec38,0x00000000a7c00000)
 Metaspace       used 68241K, capacity 70924K, committed 71128K, reserved 1110016K
  class space    used 9094K, capacity 9633K, committed 9728K, reserved 1048576K
Event: 1192.011 GC heap after
Heap after GC invocations=26 (full 3):
 PSYoungGen      total 222208K, used 23010K [0x00000000e0000000, 0x00000000f3500000, 0x0000000100000000)
  eden space 199168K, 0% used [0x00000000e0000000,0x00000000e0000000,0x00000000ec280000)
  from space 23040K, 99% used [0x00000000ec280000,0x00000000ed8f8908,0x00000000ed900000)
  to   space 33280K, 0% used [0x00000000f1480000,0x00000000f1480000,0x00000000f3500000)
 ParOldGen       total 126976K, used 69079K [0x00000000a0000000, 0x00000000a7c00000, 0x00000000e0000000)
  object space 126976K, 54% used [0x00000000a0000000,0x00000000a4375e18,0x00000000a7c00000)
 Metaspace       used 68241K, capacity 70924K, committed 71128K, reserved 1110016K
  class space    used 9094K, capacity 9633K, committed 9728K, reserved 1048576K
}

Deoptimization events (10 events):
Event: 1193.502 Thread 0x000000001916a000 Uncommon trap: reason=class_check action=maybe_recompile pc=0x0000000002f10aa8 method=java.util.zip.InflaterInputStream.read([BII)I @ 100
Event: 1193.734 Thread 0x000000001916a000 Uncommon trap: reason=bimorphic action=maybe_recompile pc=0x0000000003929478 method=java.util.AbstractList$Itr.next()Ljava/lang/Object; @ 14
Event: 1194.159 Thread 0x000000001916a000 Uncommon trap: reason=bimorphic action=maybe_recompile pc=0x0000000003929478 method=java.util.AbstractList$Itr.next()Ljava/lang/Object; @ 14
Event: 1194.727 Thread 0x0000000019735000 Uncommon trap: reason=class_check action=maybe_recompile pc=0x00000000039619d4 method=java.util.HashMap.removeNode(ILjava/lang/Object;Ljava/lang/Object;ZZ)Ljava/util/HashMap$Node; @ 143
Event: 3067.800 Thread 0x000000001916a000 Uncommon trap: reason=class_check action=maybe_recompile pc=0x0000000004c1f710 method=java.lang.reflect.Array.newInstance(Ljava/lang/Class;I)Ljava/lang/Object; @ 2
Event: 3068.097 Thread 0x000000001916a800 Uncommon trap: reason=unstable_if action=reinterpret pc=0x0000000004d60a90 method=java.io.ByteArrayInputStream.read()I @ 8
Event: 3068.519 Thread 0x000000001916a800 Uncommon trap: reason=class_check action=maybe_recompile pc=0x0000000002bbb3a8 method=java.lang.String.equals(Ljava/lang/Object;)Z @ 8
Event: 3068.520 Thread 0x000000001916a800 Uncommon trap: reason=class_check action=maybe_recompile pc=0x0000000002bbb3a8 method=java.lang.String.equals(Ljava/lang/Object;)Z @ 8
Event: 3068.520 Thread 0x000000001916a800 Uncommon trap: reason=class_check action=maybe_recompile pc=0x0000000002bbb3a8 method=java.lang.String.equals(Ljava/lang/Object;)Z @ 8
Event: 3068.520 Thread 0x000000001916a800 Uncommon trap: reason=class_check action=maybe_recompile pc=0x0000000002bbb3a8 method=java.lang.String.equals(Ljava/lang/Object;)Z @ 8

Internal exceptions (10 events):
Event: 1170.673 Thread 0x0000000019735000 Exception <a 'java/lang/ClassNotFoundException': com/android/build/gradle/tasks/fd/GenerateInstantRunAppInfoTask_DecoratedCustomizer> (0x00000000e91a7038) thrown at [C:\workspace\8-2-build-windows-amd64-cygwin\jdk8u65\4987\hotspot\src\share\vm\classfile\sy±Fb‘{N’@
Event: 1171.621 Thread 0x0000000019735000 Implicit null exception at 0x00000000043dee4d to 0x00000000043df4f5
Event: 1187.451 Thread 0x0000000019163000 Exception <a 'java/lang/NoSuchMethodError': <clinit>> (0x00000000e836b7b8) thrown at [C:\workspace\8-2-build-windows-amd64-cygwin\jdk8u65\4987\hotspot\src\share\vm\prims\jni.cpp, line 1591]
Event: 1189.812 Thread 0x000000001916a800 Implicit null exception at 0x00000000048fa062 to 0x00000000048fa161
Event: 1191.116 Thread 0x0000000019166000 Implicit null exception at 0x0000000004f1f027 to 0x0000000004f20635
Event: 1194.735 Thread 0x0000000019735000 Exception <a 'sun/nio/fs/WindowsException'> (0x00000000e45a0818) thrown at [C:\workspace\8-2-build-windows-amd64-cygwin\jdk8u65\4987\hotspot\src\share\vm\prims\jni.cpp, line 709]
Event: 1770.347 Thread 0x0000000019061800 Exception <a 'sun/nio/fs/WindowsException'> (0x00000000e4760ba8) thrown at [C:\workspace\8-2-build-windows-amd64-cygwin\jdk8u65\4987\hotspot\src\share\vm\prims\jni.cpp, line 709]
Event: 3069.128 Thread 0x000000001916a800 Exception <a 'java/lang/ClassNotFoundException': asLocalRepo1309_1j2elmb80s7rfw1bp6b3sf84hBeanInfo> (0x00000000e5d88a70) thrown at [C:\workspace\8-2-build-windows-amd64-cygwin\jdk8u65\4987\hotspot\src\share\vm\classfile\systemDictionary.cpp, line 210]
Event: 3069.129 Thread 0x000000001916a800 Exception <a 'java/lang/ClassNotFoundException': asLocalRepo1309_1j2elmb80s7rfw1bp6b3sf84hCustomizer> (0x00000000e5d94140) thrown at [C:\workspace\8-2-build-windows-amd64-cygwin\jdk8u65\4987\hotspot\src\share\vm\classfile\systemDictionary.cpp, line 210]
Event: 3070.539 Thread 0x000000001916a800 Exception <a 'sun/nio/fs/WindowsException'> (0x00000000e83082a8) thrown at [C:\workspace\8-2-build-windows-amd64-cygwin\jdk8u65\4987\hotspot\src\share\vm\prims\jni.cpp, line 709]

Events (10 events):
Event: 3070.572 Thread 0x0000000016364800 flushing nmethod 0x000000000440b390
Event: 3070.576 Thread 0x0000000016364800 flushing nmethod 0x0000000004672950
Event: 3070.576 Thread 0x0000000016364800 flushing nmethod 0x00000000047107d0
Event: 3070.582 Thread 0x0000000016364800 flushing nmethod 0x0000000004c6fd90
Event: 3070.582 Thread 0x0000000016364800 flushing nmethod 0x0000000004d6e3d0
Event: 3070.585 Thread 0x0000000016364800 flushing nmethod 0x0000000005200850
Event: 3070.585 Thread 0x0000000016364800 flushing nmethod 0x0000000005208850
Event: 3070.585 Thread 0x0000000016364800 flushing nmethod 0x00000000052169d0
Event: 3070.586 Thread 0x0000000016364800 flushing nmethod 0x0000000005220190
Event: 3070.586 Thread 0x0000000016364800 flushing nmethod 0x0000000005221310


Dynamic libraries:
0x00007ff7483b0000 - 0x00007ff7483e7000 	C:\Program Files\Java\jdk1.8.0_65\bin\java.exe
0x00007ffe7f5b0000 - 0x00007ffe7f78b000 	C:\WINDOWS\SYSTEM32\ntdll.dll
0x00007ffe7ee70000 - 0x00007ffe7ef1e000 	C:\WINDOWS\System32\KERNEL32.DLL
0x00007ffe7c730000 - 0x00007ffe7c979000 	C:\WINDOWS\System32\KERNELBASE.dll
0x00007ffe7d5c0000 - 0x00007ffe7d661000 	C:\WINDOWS\System32\ADVAPI32.dll
0x00007ffe7ef20000 - 0x00007ffe7efbd000 	C:\WINDOWS\System32\msvcrt.dll
0x00007ffe7cb20000 - 0x00007ffe7cb79000 	C:\WINDOWS\System32\sechost.dll
0x00007ffe7efc0000 - 0x00007ffe7f0e5000 	C:\WINDOWS\System32\RPCRT4.dll
0x00007ffe7d320000 - 0x00007ffe7d46a000 	C:\WINDOWS\System32\USER32.dll
0x00007ffe7bad0000 - 0x00007ffe7baee000 	C:\WINDOWS\System32\win32u.dll
0x00007ffe7d290000 - 0x00007ffe7d2b7000 	C:\WINDOWS\System32\GDI32.dll
0x00007ffe7c980000 - 0x00007ffe7cb08000 	C:\WINDOWS\System32\gdi32full.dll
0x00007ffe7c690000 - 0x00007ffe7c72a000 	C:\WINDOWS\System32\msvcp_win.dll
0x00007ffe7be30000 - 0x00007ffe7bf26000 	C:\WINDOWS\System32\ucrtbase.dll
0x00007ffe6e3a0000 - 0x00007ffe6e607000 	C:\WINDOWS\WinSxS\amd64_microsoft.windows.common-controls_6595b64144ccf1df_6.0.15063.483_none_26002d27e7c744a2\COMCTL32.dll
0x00007ffe7f290000 - 0x00007ffe7f589000 	C:\WINDOWS\System32\combase.dll
0x00007ffe7bdc0000 - 0x00007ffe7be2a000 	C:\WINDOWS\System32\bcryptPrimitives.dll
0x00007ffe7d910000 - 0x00007ffe7d93d000 	C:\WINDOWS\System32\IMM32.DLL
0x0000000067de0000 - 0x0000000067eb2000 	C:\Program Files\Java\jdk1.8.0_65\jre\bin\msvcr100.dll
0x0000000067550000 - 0x0000000067dd9000 	C:\Program Files\Java\jdk1.8.0_65\jre\bin\server\jvm.dll
0x00007ffe7cc20000 - 0x00007ffe7cc28000 	C:\WINDOWS\System32\PSAPI.DLL
0x00007ffe78170000 - 0x00007ffe78179000 	C:\WINDOWS\SYSTEM32\WSOCK32.dll
0x00007ffe79f10000 - 0x00007ffe79f33000 	C:\WINDOWS\SYSTEM32\WINMM.dll
0x00007ffe7d9c0000 - 0x00007ffe7da2c000 	C:\WINDOWS\System32\WS2_32.dll
0x00007ffe705c0000 - 0x00007ffe705ca000 	C:\WINDOWS\SYSTEM32\VERSION.dll
0x00007ffe79d70000 - 0x00007ffe79d9b000 	C:\WINDOWS\SYSTEM32\WINMMBASE.dll
0x00007ffe7bd70000 - 0x00007ffe7bdb9000 	C:\WINDOWS\System32\cfgmgr32.dll
0x0000000067540000 - 0x000000006754f000 	C:\Program Files\Java\jdk1.8.0_65\jre\bin\verify.dll
0x0000000067510000 - 0x0000000067539000 	C:\Program Files\Java\jdk1.8.0_65\jre\bin\java.dll
0x00000000674f0000 - 0x0000000067506000 	C:\Program Files\Java\jdk1.8.0_65\jre\bin\zip.dll
0x00007ffe7da30000 - 0x00007ffe7ee67000 	C:\WINDOWS\System32\SHELL32.dll
0x00007ffe7d1e0000 - 0x00007ffe7d28a000 	C:\WINDOWS\System32\shcore.dll
0x00007ffe7bf90000 - 0x00007ffe7c682000 	C:\WINDOWS\System32\windows.storage.dll
0x00007ffe7d2c0000 - 0x00007ffe7d311000 	C:\WINDOWS\System32\shlwapi.dll
0x00007ffe7ba40000 - 0x00007ffe7ba51000 	C:\WINDOWS\System32\kernel.appcore.dll
0x00007ffe7ba60000 - 0x00007ffe7baac000 	C:\WINDOWS\System32\powrprof.dll
0x00007ffe7ba20000 - 0x00007ffe7ba35000 	C:\WINDOWS\System32\profapi.dll
0x00000000674d0000 - 0x00000000674ea000 	C:\Program Files\Java\jdk1.8.0_65\jre\bin\net.dll
0x00007ffe7b2d0000 - 0x00007ffe7b32c000 	C:\WINDOWS\system32\mswsock.dll
0x00000000674b0000 - 0x00000000674c1000 	C:\Program Files\Java\jdk1.8.0_65\jre\bin\nio.dll
0x00007ffe5fa50000 - 0x00007ffe5fa6e000 	C:\Users\vuong_000\.gradle\native\23\windows-amd64\native-platform.dll
0x00007ffe7b470000 - 0x00007ffe7b487000 	C:\WINDOWS\SYSTEM32\CRYPTSP.dll
0x00007ffe7aef0000 - 0x00007ffe7af24000 	C:\WINDOWS\system32\rsaenh.dll
0x00007ffe7b960000 - 0x00007ffe7b985000 	C:\WINDOWS\SYSTEM32\bcrypt.dll
0x00007ffe7b8f0000 - 0x00007ffe7b919000 	C:\WINDOWS\SYSTEM32\USERENV.dll
0x00007ffe7b490000 - 0x00007ffe7b49b000 	C:\WINDOWS\SYSTEM32\CRYPTBASE.dll
0x00007ffe7b070000 - 0x00007ffe7b0a7000 	C:\WINDOWS\SYSTEM32\IPHLPAPI.DLL
0x00007ffe7cb10000 - 0x00007ffe7cb18000 	C:\WINDOWS\System32\NSI.dll
0x00007ffe76140000 - 0x00007ffe76156000 	C:\WINDOWS\SYSTEM32\dhcpcsvc6.DLL
0x00007ffe75b30000 - 0x00007ffe75b4a000 	C:\WINDOWS\SYSTEM32\dhcpcsvc.DLL
0x00000000674a0000 - 0x00000000674ad000 	C:\Program Files\Java\jdk1.8.0_65\jre\bin\management.dll
0x0000000067470000 - 0x0000000067494000 	C:\Program Files\Java\jdk1.8.0_65\jre\bin\sunec.dll
0x0000000067460000 - 0x000000006746b000 	C:\Program Files\Java\jdk1.8.0_65\jre\bin\sunmscapi.dll
0x00007ffe7bba0000 - 0x00007ffe7bd69000 	C:\WINDOWS\System32\CRYPT32.dll
0x00007ffe7bab0000 - 0x00007ffe7bac1000 	C:\WINDOWS\System32\MSASN1.dll
0x00007ffe6d9c0000 - 0x00007ffe6db69000 	C:\WINDOWS\SYSTEM32\dbghelp.dll

VM Arguments:
jvm_args: -Xmx1536m -Dfile.encoding=windows-1252 -Duser.country=US -Duser.language=en -Duser.variant 
java_command: org.gradle.launcher.daemon.bootstrap.GradleDaemon 3.3
java_class_path (initial): C:\Users\vuong_000\.gradle\wrapper\dists\gradle-3.3-all\55gk2rcmfc6p2dg9u9ohc3hw9\gradle-3.3\lib\gradle-launcher-3.3.jar
Launcher Type: SUN_STANDARD

Environment Variables:
PATH=C:\ProgramData\Oracle\Java\javapath;C:\WINDOWS\system32;C:\WINDOWS;C:\WINDOWS\System32\Wbem;C:\WINDOWS\System32\WindowsPowerShell\v1.0\;C:\Program Files (x86)\GtkSharp\2.12\bin;C:\Program Files\Microsoft\Web Platform Installer\;C:\Program Files\Microsoft SQL Server\110\Tools\Binn\;C:\Program Files (x86)\Microsoft SQL Server\110\Tools\Binn\;C:\Program Files\Microsoft SQL Server\110\DTS\Binn\;C:\Program Files (x86)\Microsoft SQL Server\110\Tools\Binn\ManagementStudio\;C:\Program Files (x86)\Microsoft Visual Studio 10.0\Common7\IDE\PrivateAssemblies\;C:\Program Files (x86)\Microsoft SQL Server\110\DTS\Binn\;D:\Heroku\bin;C:\Program Files (x86)\git\cmd;C:\Program Files (x86)\Heroku\bin;C:\Program Files (x86)\Skype\Phone\;C:\Program Files\nodejs\;C:\Users\vuong_000\AppData\Local\Microsoft\WindowsApps;C:\Users\vuong_000\AppData\Roaming\npm
USERNAME=vuong_000
OS=Windows_NT
PROCESSOR_IDENTIFIER=Intel64 Family 6 Model 42 Stepping 7, GenuineIntel



---------------  S Y S T E M  ---------------

OS: Windows 10.0 , 64 bit Build 15063 (10.0.15063.296)

CPU:total 4 (2 cores per cpu, 2 threads per core) family 6 model 42 stepping 7, cmov, cx8, fxsr, mmx, sse, sse2, sse3, ssse3, sse4.1, sse4.2, popcnt, avx, clmul, ht, tsc, tscinvbit

Memory: 4k page, physical 6233964k(1502960k free), swap 8827744k(2591276k free)

vm_info: Java HotSpot(TM) 64-Bit Server VM (25.65-b01) for windows-amd64 JRE (1.8.0_65-b17), built on Oct  6 2015 16:39:20 by "java_re" with MS VC++ 10.0 (VS2010)

time: Fri Aug 04 19:58:43 2017
elapsed time: 3071 seconds (0d 0h 51m 11s)

